Using pre-set license
Built from '2020.3/staging' branch; Version is '2020.3.4f1 (0abb6314276a) revision 703331'; Using compiler version '192528614'; Build Type 'Release'
OS: 'Windows 10 Pro; OS build 19042.928; Version 2009; 64bit' Language: 'ru' Physical Memory: 16235 MB
BatchMode: 1, IsHumanControllingUs: 0, StartBugReporterOnCrash: 0, Is64bit: 1, IsPro: 0

 COMMAND LINE ARGUMENTS:
C:\Program Files\Unity\Hub\Editor\2020.3.4f1\Editor\Unity.exe
-adb2
-batchMode
-noUpm
-name
AssetImportWorker0
-projectPath
C:/Users/miner/OneDrive/Desktop/Docs/urfu/CSharp/game/MaTMagica/MaTMagica
-logFile
Logs/AssetImportWorker0.log
-srvPort
51171
Successfully changed project path to: C:/Users/miner/OneDrive/Desktop/Docs/urfu/CSharp/game/MaTMagica/MaTMagica
C:/Users/miner/OneDrive/Desktop/Docs/urfu/CSharp/game/MaTMagica/MaTMagica
Using Asset Import Pipeline V2.
Refreshing native plugins compatible for Editor in 44.85 ms, found 1 plugins.
Preloading 0 native plugins for Editor in 0.00 ms.
Initialize engine version: 2020.3.4f1 (0abb6314276a)
[Subsystems] Discovering subsystems at path C:/Program Files/Unity/Hub/Editor/2020.3.4f1/Editor/Data/Resources/UnitySubsystems
[Subsystems] Discovering subsystems at path C:/Users/miner/OneDrive/Desktop/Docs/urfu/CSharp/game/MaTMagica/MaTMagica/Assets
GfxDevice: creating device client; threaded=0
Direct3D:
    Version:  Direct3D 11.0 [level 11.1]
    Renderer: NVIDIA GeForce GTX 1050 (ID=0x1c92)
    Vendor:   
    VRAM:     1979 MB
    Driver:   27.21.14.6611
Initialize mono
Mono path[0] = 'C:/Program Files/Unity/Hub/Editor/2020.3.4f1/Editor/Data/Managed'
Mono path[1] = 'C:/Program Files/Unity/Hub/Editor/2020.3.4f1/Editor/Data/MonoBleedingEdge/lib/mono/unityjit'
Mono config path = 'C:/Program Files/Unity/Hub/Editor/2020.3.4f1/Editor/Data/MonoBleedingEdge/etc'
Using monoOptions --debugger-agent=transport=dt_socket,embedding=1,server=y,suspend=n,address=127.0.0.1:56896
Begin MonoManager ReloadAssembly
Registering precompiled unity dll's ...
Register platform support module: C:/Program Files/Unity/Hub/Editor/2020.3.4f1/Editor/Data/PlaybackEngines/WindowsStandaloneSupport/UnityEditor.WindowsStandalone.Extensions.dll
Registered in 0.001993 seconds.
Native extension for WindowsStandalone target not found
Refreshing native plugins compatible for Editor in 43.70 ms, found 1 plugins.
Preloading 0 native plugins for Editor in 0.00 ms.
Mono: successfully reloaded assembly
- Completed reload, in  1.208 seconds
Platform modules already initialized, skipping
Registering precompiled user dll's ...
Registered in 0.001575 seconds.
Begin MonoManager ReloadAssembly
Native extension for WindowsStandalone target not found
Refreshing native plugins compatible for Editor in 40.66 ms, found 1 plugins.
Preloading 0 native plugins for Editor in 0.00 ms.
Mono: successfully reloaded assembly
- Completed reload, in  1.022 seconds
Platform modules already initialized, skipping
========================================================================
Worker process is ready to serve import requests
Launched and connected shader compiler UnityShaderCompiler.exe after 0.06 seconds
Refreshing native plugins compatible for Editor in 0.47 ms, found 1 plugins.
Preloading 0 native plugins for Editor in 0.00 ms.
Unloading 1828 Unused Serialized files (Serialized files now loaded: 0)
System memory in use before: 85.9 MB.
System memory in use after: 85.8 MB.

Unloading 23 unused Assets to reduce memory usage. Loaded Objects now: 2277.
Total: 3.328600 ms (FindLiveObjects: 0.631900 ms CreateObjectMapping: 0.230400 ms MarkObjects: 2.346700 ms  DeleteObjects: 0.117400 ms)

========================================================================
Received Import Request.
  path: Assets/Wizard - 2D Character/Animations
  artifactKey: Guid(73d1b8ea027b0c24f94e70ffff71367b) Importer(815301076,1909f56bfc062723c751e8b465ee728b)
Start importing Assets/Wizard - 2D Character/Animations using Guid(73d1b8ea027b0c24f94e70ffff71367b) Importer(815301076,1909f56bfc062723c751e8b465ee728b)  -> (artifact id: 'c15988afc96bf7662e4cda40e31653bb') in 0.008718 seconds
  Import took 0.013363 seconds .

========================================================================
Received Import Request.
  Time since last request: 0.000624 seconds.
  path: Assets/Wizard - 2D Character/Animations/Wizard Demo.controller
  artifactKey: Guid(fe79526b5cda9684bbfddbfe18a7f75c) Importer(815301076,1909f56bfc062723c751e8b465ee728b)
Start importing Assets/Wizard - 2D Character/Animations/Wizard Demo.controller using Guid(fe79526b5cda9684bbfddbfe18a7f75c) Importer(815301076,1909f56bfc062723c751e8b465ee728b)  -> (artifact id: 'acf64e36bde4b2b0957e4e9e1150f2fa') in 0.056198 seconds
  Import took 0.060723 seconds .

========================================================================
Received Import Request.
  Time since last request: 106.318258 seconds.
  path: Assets/Wizard - 2D Character/Demo/SimplePlayerController.cs
  artifactKey: Guid(741f30960d63a984c904285d23069b75) Importer(815301076,1909f56bfc062723c751e8b465ee728b)
Start importing Assets/Wizard - 2D Character/Demo/SimplePlayerController.cs using Guid(741f30960d63a984c904285d23069b75) Importer(815301076,1909f56bfc062723c751e8b465ee728b)  -> (artifact id: '25ed3bc7510821fbf3045ff3264a7678') in 0.006449 seconds
  Import took 0.011345 seconds .

========================================================================
Received Import Request.
  Time since last request: 0.000742 seconds.
  path: Assets/Wizard - 2D Character/Demo/SimplePlayerController.cs
  artifactKey: Guid(741f30960d63a984c904285d23069b75) Importer(815301076,1909f56bfc062723c751e8b465ee728b)
Start importing Assets/Wizard - 2D Character/Demo/SimplePlayerController.cs using Guid(741f30960d63a984c904285d23069b75) Importer(815301076,1909f56bfc062723c751e8b465ee728b)  -> (artifact id: '25ed3bc7510821fbf3045ff3264a7678') in 0.001815 seconds
  Import took 0.004903 seconds .

========================================================================
Received Prepare
Registering precompiled user dll's ...
Registered in 0.001155 seconds.
Begin MonoManager ReloadAssembly
Native extension for WindowsStandalone target not found
Refreshing native plugins compatible for Editor in 0.38 ms, found 1 plugins.
Preloading 0 native plugins for Editor in 0.00 ms.
Mono: successfully reloaded assembly
- Completed reload, in  0.975 seconds
Platform modules already initialized, skipping
Refreshing native plugins compatible for Editor in 0.56 ms, found 1 plugins.
Preloading 0 native plugins for Editor in 0.00 ms.
Unloading 1823 Unused Serialized files (Serialized files now loaded: 0)
System memory in use before: 85.8 MB.
System memory in use after: 85.8 MB.

Unloading 12 unused Assets to reduce memory usage. Loaded Objects now: 2281.
Total: 2.713400 ms (FindLiveObjects: 0.219300 ms CreateObjectMapping: 0.093100 ms MarkObjects: 2.263100 ms  DeleteObjects: 0.135600 ms)

AssetImportWorkerClient::OnTransportError - code=2 error=End of file
